bash: cannot set terminal process group (-1): Inappropriate ioctl for device
bash: no job control in this shell
SSS_180x360_P012_032_STMOD3_nis_totd_N50_OSL_ASSYM_7p5BC_native_v2corr.distr
SSS_180x360_P012_032_STMOD3_nis_totd_N50_OSL_ASSYM_7p5BC_native_v2corr.log
SSS_180x360_P012_032_STMOD3_nis_totd_N50_OSL_ASSYM_7p5BC_native_v2corr.par
SSS_180x360_P012_032_STMOD3_nis_totd_N50_OSL_ASSYM_7p5BC_native_v2corr.pol_azi_ang
SSS_180x360_P012_032_STMOD3_nis_totd_N50_OSL_ASSYM_7p5BC_native_v2corr_X_sp_01.dat
SSS_180x360_P012_032_STMOD3_nis_totd_N50_OSL_ASSYM_7p5BC_native_v2corr_X_sp_02.dat
SSS_180x360_P012_032_STMOD3_nis_totd_N50_OSL_ASSYM_7p5BC_native_v2corr_X_sp_03.dat
SSS_180x360_P012_032_STMOD3_nis_totd_N50_OSL_ASSYM_7p5BC_native_v2corr_X_sp_04.dat
SSS_180x360_P012_032_STMOD3_nis_totd_N50_OSL_ASSYM_7p5BC_native_v2corr_X_sp_05.dat
SSS_180x360_P012_032_STMOD3_nis_totd_N50_OSL_ASSYM_7p5BC_native_v2corr_X_sp_06.dat
SSS_180x360_P012_032_STMOD3_nis_totd_N50_OSL_ASSYM_7p5BC_native_v2corr_X_st_02.dat
SSS_180x360_P012_032_STMOD3_nis_totd_N50_OSL_ASSYM_7p5BC_native_v2corr_X_st_03.dat
SSS_180x360_P012_032_STMOD3_nis_totd_N50_OSL_ASSYM_7p5BC_native_v2corr_X_st_04.dat
SSS_180x360_P012_032_STMOD3_nis_totd_N50_OSL_ASSYM_7p5BC_native_v2corr_X_st_05.dat
SSS_180x360_P012_032_STMOD3_nis_totd_N50_OSL_ASSYM_7p5BC_native_v2corr_Y_X_sp_01.dat
SSS_180x360_P012_032_STMOD3_nis_totd_N50_OSL_ASSYM_7p5BC_native_v2corr_Y_X_sp_02.dat
SSS_180x360_P012_032_STMOD3_nis_totd_N50_OSL_ASSYM_7p5BC_native_v2corr_Y_X_sp_03.dat
SSS_180x360_P012_032_STMOD3_nis_totd_N50_OSL_ASSYM_7p5BC_native_v2corr_Y_X_sp_04.dat
SSS_180x360_P012_032_STMOD3_nis_totd_N50_OSL_ASSYM_7p5BC_native_v2corr_Y_X_sp_05.dat
SSS_180x360_P012_032_STMOD3_nis_totd_N50_OSL_ASSYM_7p5BC_native_v2corr_Y_X_sp_06.dat
SSS_180x360_P012_032_STMOD3_nis_totd_N50_OSL_ASSYM_7p5BC_native_v2corr_Y_X_st_02.dat
SSS_180x360_P012_032_STMOD3_nis_totd_N50_OSL_ASSYM_7p5BC_native_v2corr_Y_X_st_03.dat
SSS_180x360_P012_032_STMOD3_nis_totd_N50_OSL_ASSYM_7p5BC_native_v2corr_Y_X_st_04.dat
SSS_180x360_P012_032_STMOD3_nis_totd_N50_OSL_ASSYM_7p5BC_native_v2corr_Y_X_st_05.dat
