bash: cannot set terminal process group (-1): Inappropriate ioctl for device
bash: no job control in this shell
SSS_180x360_P084_036_ST_360_400_N50.distr
SSS_180x360_P084_036_ST_360_400_N50.log
SSS_180x360_P084_036_ST_360_400_N50.par
SSS_180x360_P084_036_ST_360_400_N50.pol_azi_ang
SSS_180x360_P084_036_ST_360_400_N50_X_sp_01.00010_im
SSS_180x360_P084_036_ST_360_400_N50_X_sp_01.00020_im
SSS_180x360_P084_036_ST_360_400_N50_X_sp_01.00030_im
SSS_180x360_P084_036_ST_360_400_N50_X_sp_01.00040_im
SSS_180x360_P084_036_ST_360_400_N50_X_sp_01.00050_im
SSS_180x360_P084_036_ST_360_400_N50_X_sp_01.dat
SSS_180x360_P084_036_ST_360_400_N50_X_sp_02.00010_im
SSS_180x360_P084_036_ST_360_400_N50_X_sp_02.00020_im
SSS_180x360_P084_036_ST_360_400_N50_X_sp_02.00030_im
SSS_180x360_P084_036_ST_360_400_N50_X_sp_02.00040_im
SSS_180x360_P084_036_ST_360_400_N50_X_sp_02.00050_im
SSS_180x360_P084_036_ST_360_400_N50_X_sp_02.dat
SSS_180x360_P084_036_ST_360_400_N50_X_sp_03.00010_im
SSS_180x360_P084_036_ST_360_400_N50_X_sp_03.00020_im
SSS_180x360_P084_036_ST_360_400_N50_X_sp_03.00030_im
SSS_180x360_P084_036_ST_360_400_N50_X_sp_03.00040_im
SSS_180x360_P084_036_ST_360_400_N50_X_sp_03.00050_im
SSS_180x360_P084_036_ST_360_400_N50_X_sp_03.dat
SSS_180x360_P084_036_ST_360_400_N50_X_sp_04.00010_im
SSS_180x360_P084_036_ST_360_400_N50_X_sp_04.00020_im
SSS_180x360_P084_036_ST_360_400_N50_X_sp_04.00030_im
SSS_180x360_P084_036_ST_360_400_N50_X_sp_04.00040_im
SSS_180x360_P084_036_ST_360_400_N50_X_sp_04.00050_im
SSS_180x360_P084_036_ST_360_400_N50_X_sp_04.dat
SSS_180x360_P084_036_ST_360_400_N50_X_sp_05.00010_im
SSS_180x360_P084_036_ST_360_400_N50_X_sp_05.00020_im
SSS_180x360_P084_036_ST_360_400_N50_X_sp_05.00030_im
SSS_180x360_P084_036_ST_360_400_N50_X_sp_05.00040_im
SSS_180x360_P084_036_ST_360_400_N50_X_sp_05.00050_im
SSS_180x360_P084_036_ST_360_400_N50_X_sp_05.dat
SSS_180x360_P084_036_ST_360_400_N50_X_sp_06.00010_im
SSS_180x360_P084_036_ST_360_400_N50_X_sp_06.00020_im
SSS_180x360_P084_036_ST_360_400_N50_X_sp_06.00030_im
SSS_180x360_P084_036_ST_360_400_N50_X_sp_06.00040_im
SSS_180x360_P084_036_ST_360_400_N50_X_sp_06.00050_im
SSS_180x360_P084_036_ST_360_400_N50_X_sp_06.dat
SSS_180x360_P084_036_ST_360_400_N50_X_sp_07.00010_im
SSS_180x360_P084_036_ST_360_400_N50_X_sp_07.00020_im
SSS_180x360_P084_036_ST_360_400_N50_X_sp_07.00030_im
SSS_180x360_P084_036_ST_360_400_N50_X_sp_07.00040_im
SSS_180x360_P084_036_ST_360_400_N50_X_sp_07.00050_im
SSS_180x360_P084_036_ST_360_400_N50_X_sp_07.dat
SSS_180x360_P084_036_ST_360_400_N50_Y_X_sp_01.00010_im
SSS_180x360_P084_036_ST_360_400_N50_Y_X_sp_01.00020_im
SSS_180x360_P084_036_ST_360_400_N50_Y_X_sp_01.00030_im
SSS_180x360_P084_036_ST_360_400_N50_Y_X_sp_01.00040_im
SSS_180x360_P084_036_ST_360_400_N50_Y_X_sp_01.00050_im
SSS_180x360_P084_036_ST_360_400_N50_Y_X_sp_01.dat
SSS_180x360_P084_036_ST_360_400_N50_Y_X_sp_02.00010_im
SSS_180x360_P084_036_ST_360_400_N50_Y_X_sp_02.00020_im
SSS_180x360_P084_036_ST_360_400_N50_Y_X_sp_02.00030_im
SSS_180x360_P084_036_ST_360_400_N50_Y_X_sp_02.00040_im
SSS_180x360_P084_036_ST_360_400_N50_Y_X_sp_02.00050_im
SSS_180x360_P084_036_ST_360_400_N50_Y_X_sp_02.dat
SSS_180x360_P084_036_ST_360_400_N50_Y_X_sp_03.00010_im
SSS_180x360_P084_036_ST_360_400_N50_Y_X_sp_03.00020_im
SSS_180x360_P084_036_ST_360_400_N50_Y_X_sp_03.00030_im
SSS_180x360_P084_036_ST_360_400_N50_Y_X_sp_03.00040_im
SSS_180x360_P084_036_ST_360_400_N50_Y_X_sp_03.00050_im
SSS_180x360_P084_036_ST_360_400_N50_Y_X_sp_03.dat
SSS_180x360_P084_036_ST_360_400_N50_Y_X_sp_04.00010_im
SSS_180x360_P084_036_ST_360_400_N50_Y_X_sp_04.00020_im
SSS_180x360_P084_036_ST_360_400_N50_Y_X_sp_04.00030_im
SSS_180x360_P084_036_ST_360_400_N50_Y_X_sp_04.00040_im
SSS_180x360_P084_036_ST_360_400_N50_Y_X_sp_04.00050_im
SSS_180x360_P084_036_ST_360_400_N50_Y_X_sp_04.dat
SSS_180x360_P084_036_ST_360_400_N50_Y_X_sp_05.00010_im
SSS_180x360_P084_036_ST_360_400_N50_Y_X_sp_05.00020_im
SSS_180x360_P084_036_ST_360_400_N50_Y_X_sp_05.00030_im
SSS_180x360_P084_036_ST_360_400_N50_Y_X_sp_05.00040_im
SSS_180x360_P084_036_ST_360_400_N50_Y_X_sp_05.00050_im
SSS_180x360_P084_036_ST_360_400_N50_Y_X_sp_05.dat
SSS_180x360_P084_036_ST_360_400_N50_Y_X_sp_06.00010_im
SSS_180x360_P084_036_ST_360_400_N50_Y_X_sp_06.00020_im
SSS_180x360_P084_036_ST_360_400_N50_Y_X_sp_06.00030_im
SSS_180x360_P084_036_ST_360_400_N50_Y_X_sp_06.00040_im
SSS_180x360_P084_036_ST_360_400_N50_Y_X_sp_06.00050_im
SSS_180x360_P084_036_ST_360_400_N50_Y_X_sp_06.dat
SSS_180x360_P084_036_ST_360_400_N50_Y_X_sp_07.00010_im
SSS_180x360_P084_036_ST_360_400_N50_Y_X_sp_07.00020_im
SSS_180x360_P084_036_ST_360_400_N50_Y_X_sp_07.00030_im
SSS_180x360_P084_036_ST_360_400_N50_Y_X_sp_07.00040_im
SSS_180x360_P084_036_ST_360_400_N50_Y_X_sp_07.00050_im
SSS_180x360_P084_036_ST_360_400_N50_Y_X_sp_07.dat
