bash: cannot set terminal process group (-1): Inappropriate ioctl for device
bash: no job control in this shell
SSS_180x360_P020_024_STMOD3_N50_OSL.distr
SSS_180x360_P020_024_STMOD3_N50_OSL.log
SSS_180x360_P020_024_STMOD3_N50_OSL.par
SSS_180x360_P020_024_STMOD3_N50_OSL.pol_azi_ang
SSS_180x360_P020_024_STMOD3_N50_OSL_X_sp_01.dat
SSS_180x360_P020_024_STMOD3_N50_OSL_X_sp_02.dat
SSS_180x360_P020_024_STMOD3_N50_OSL_X_sp_03.dat
SSS_180x360_P020_024_STMOD3_N50_OSL_X_sp_04.dat
SSS_180x360_P020_024_STMOD3_N50_OSL_X_sp_05.dat
SSS_180x360_P020_024_STMOD3_N50_OSL_X_sp_06.dat
SSS_180x360_P020_024_STMOD3_N50_OSL_X_st_02.dat
SSS_180x360_P020_024_STMOD3_N50_OSL_X_st_03.dat
SSS_180x360_P020_024_STMOD3_N50_OSL_X_st_04.dat
SSS_180x360_P020_024_STMOD3_N50_OSL_X_st_05.dat
SSS_180x360_P020_024_STMOD3_N50_OSL_Y_X_sp_01.dat
SSS_180x360_P020_024_STMOD3_N50_OSL_Y_X_sp_02.dat
SSS_180x360_P020_024_STMOD3_N50_OSL_Y_X_sp_03.dat
SSS_180x360_P020_024_STMOD3_N50_OSL_Y_X_sp_04.dat
SSS_180x360_P020_024_STMOD3_N50_OSL_Y_X_sp_05.dat
SSS_180x360_P020_024_STMOD3_N50_OSL_Y_X_sp_06.dat
SSS_180x360_P020_024_STMOD3_N50_OSL_Y_X_st_02.dat
SSS_180x360_P020_024_STMOD3_N50_OSL_Y_X_st_03.dat
SSS_180x360_P020_024_STMOD3_N50_OSL_Y_X_st_04.dat
SSS_180x360_P020_024_STMOD3_N50_OSL_Y_X_st_05.dat
